<?xml version="1.0" encoding="UTF-8"?>
<!-- Generated by org.testng.reporters.JUnitReportReporter -->
<testsuite hostname="DESKTOP-P664EDS" failures="0" tests="1" name="Runners.TestRunner" time="0.085" errors="0" timestamp="31 May 2023 06:29:52 GMT" skipped="0">
  <testcase classname="Runners.TestRunner" name="runScenario" time="0.085"/>
</testsuite> <!-- Runners.TestRunner -->
